0 info it worked if it ends with ok
1 verbose cli [ '/usr/local/bin/node', '/usr/local/bin/npm', 'run', 'jade' ]
2 info using npm@1.4.28
3 info using node@v0.10.33
4 verbose run-script [ 'prejade', 'jade', 'postjade' ]
5 info prejade web@0.0.0
6 info jade web@0.0.0
7 verbose unsafe-perm in lifecycle true
8 info web@0.0.0 Failed to exec jade script
9 error web@0.0.0 jade: `jade src/**.jade --out dist -P`
9 error Exit status 8
10 error Failed at the web@0.0.0 jade script.
10 error This is most likely a problem with the web package,
10 error not with npm itself.
10 error Tell the author that this fails on your system:
10 error     jade src/**.jade --out dist -P
10 error You can get their info via:
10 error     npm owner ls web
10 error There is likely additional logging output above.
11 error System Darwin 14.1.0
12 error command "/usr/local/bin/node" "/usr/local/bin/npm" "run" "jade"
13 error cwd /Users/arnauddrizard/Dev/crunching_hn/web
14 error node -v v0.10.33
15 error npm -v 1.4.28
16 error code ELIFECYCLE
17 verbose exit [ 1, true ]
